# JRE version: Java(TM) SE Runtime Environment (17.0.11+7) (build 17.0.11+7-LTS-207)
# Java VM: Java HotSpot(TM) 64-Bit Server VM (17.0.11+7-LTS-207, mixed mode, sharing, tiered, compressed oops, compressed class ptrs, g1 gc, windows-amd64)
GC Precious Log:
 CPUs: 16 total, 16 available
 Memory: 16233M
 Large Page Support: Disabled
 NUMA Support: Disabled
 Compressed Oops: Enabled (32-bit)
 Heap Region Size: 1M
 Heap Min Capacity: 8M
 Heap Initial Capacity: 254M
 Heap Max Capacity: 2G
 Pre-touch: Disabled
 Parallel Workers: 13
 Concurrent Workers: 3
 Concurrent Refinement Workers: 13
 Periodic GC: Disabled
Heap:
 garbage-first heap   total 311296K, used 154903K [0x0000000080000000, 0x0000000100000000)
  region size 1024K, 19 young (19456K), 19 survivors (19456K)
 Metaspace       used 129083K, committed 129728K, reserved 557056K
  class space    used 16469K, committed 16768K, reserved 425984K
GC Heap History (20 events):
Event: 17.019 GC heap after
{Heap after GC invocations=40 (full 0):
 garbage-first heap   total 189440K, used 91289K [0x0000000080000000, 0x0000000100000000)
  region size 1024K, 5 young (5120K), 5 survivors (5120K)
 Metaspace       used 117719K, committed 118336K, reserved 557056K
  class space    used 15216K, committed 15488K, reserved 425984K
}
Event: 17.096 GC heap before
{Heap before GC invocations=40 (full 0):
 garbage-first heap   total 189440K, used 95385K [0x0000000080000000, 0x0000000100000000)
  region size 1024K, 9 young (9216K), 5 survivors (5120K)
 Metaspace       used 117918K, committed 118528K, reserved 557056K
  class space    used 15226K, committed 15488K, reserved 425984K
}
Event: 17.101 GC heap after
{Heap after GC invocations=41 (full 0):
 garbage-first heap   total 189440K, used 87714K [0x0000000080000000, 0x0000000100000000)
  region size 1024K, 2 young (2048K), 2 survivors (2048K)
 Metaspace       used 117918K, committed 118528K, reserved 557056K
  class space    used 15226K, committed 15488K, reserved 425984K
}
Event: 18.981 GC heap before
{Heap before GC invocations=41 (full 0):
 garbage-first heap   total 189440K, used 147106K [0x0000000080000000, 0x0000000100000000)
  region size 1024K, 60 young (61440K), 2 survivors (2048K)
 Metaspace       used 128271K, committed 128896K, reserved 557056K
  class space    used 16411K, committed 16704K, reserved 425984K
}
Event: 18.987 GC heap after
{Heap after GC invocations=42 (full 0):
 garbage-first heap   total 189440K, used 92589K [0x0000000080000000, 0x0000000100000000)
  region size 1024K, 6 young (6144K), 6 survivors (6144K)
 Metaspace       used 128271K, committed 128896K, reserved 557056K
  class space    used 16411K, committed 16704K, reserved 425984K
}
Event: 19.461 GC heap before
{Heap before GC invocations=43 (full 0):
 garbage-first heap   total 189440K, used 150957K [0x0000000080000000, 0x0000000100000000)
  region size 1024K, 62 young (63488K), 6 survivors (6144K)
 Metaspace       used 128837K, committed 129536K, reserved 557056K
  class space    used 16458K, committed 16768K, reserved 425984K
}
Event: 19.468 GC heap after
{Heap after GC invocations=44 (full 0):
 garbage-first heap   total 189440K, used 97722K [0x0000000080000000, 0x0000000100000000)
  region size 1024K, 4 young (4096K), 4 survivors (4096K)
 Metaspace       used 128837K, committed 129536K, reserved 557056K
  class space    used 16458K, committed 16768K, reserved 425984K
}
Event: 19.476 GC heap before
{Heap before GC invocations=44 (full 0):
 garbage-first heap   total 189440K, used 101818K [0x0000000080000000, 0x0000000100000000)
  region size 1024K, 9 young (9216K), 4 survivors (4096K)
 Metaspace       used 128843K, committed 129536K, reserved 557056K
  class space    used 16458K, committed 16768K, reserved 425984K
}
Event: 19.483 GC heap after
{Heap after GC invocations=45 (full 0):
 garbage-first heap   total 311296K, used 96599K [0x0000000080000000, 0x0000000100000000)
  region size 1024K, 1 young (1024K), 1 survivors (1024K)
 Metaspace       used 128843K, committed 129536K, reserved 557056K
  class space    used 16458K, committed 16768K, reserved 425984K
}
Event: 19.848 GC heap before
{Heap before GC invocations=45 (full 0):
 garbage-first heap   total 311296K, used 243031K [0x0000000080000000, 0x0000000100000000)
  region size 1024K, 141 young (144384K), 1 survivors (1024K)
 Metaspace       used 128912K, committed 129600K, reserved 557056K
  class space    used 16460K, committed 16768K, reserved 425984K
}
Event: 19.854 GC heap after
{Heap after GC invocations=46 (full 0):
 garbage-first heap   total 311296K, used 105606K [0x0000000080000000, 0x0000000100000000)
  region size 1024K, 6 young (6144K), 6 survivors (6144K)
 Metaspace       used 128912K, committed 129600K, reserved 557056K
  class space    used 16460K, committed 16768K, reserved 425984K
}
Event: 20.196 GC heap before
{Heap before GC invocations=46 (full 0):
 garbage-first heap   total 311296K, used 244870K [0x0000000080000000, 0x0000000100000000)
  region size 1024K, 143 young (146432K), 6 survivors (6144K)
 Metaspace       used 128929K, committed 129600K, reserved 557056K
  class space    used 16460K, committed 16768K, reserved 425984K
}
Event: 20.205 GC heap after
{Heap after GC invocations=47 (full 0):
 garbage-first heap   total 311296K, used 107856K [0x0000000080000000, 0x0000000100000000)
  region size 1024K, 10 young (10240K), 10 survivors (10240K)
 Metaspace       used 128929K, committed 129600K, reserved 557056K
  class space    used 16460K, committed 16768K, reserved 425984K
}
Event: 20.600 GC heap before
{Heap before GC invocations=47 (full 0):
 garbage-first heap   total 311296K, used 250192K [0x0000000080000000, 0x0000000100000000)
  region size 1024K, 149 young (152576K), 10 survivors (10240K)
 Metaspace       used 128929K, committed 129600K, reserved 557056K
  class space    used 16460K, committed 16768K, reserved 425984K
}
Event: 20.612 GC heap after
{Heap after GC invocations=48 (full 0):
 garbage-first heap   total 311296K, used 110788K [0x0000000080000000, 0x0000000100000000)
  region size 1024K, 13 young (13312K), 13 survivors (13312K)
 Metaspace       used 128929K, committed 129600K, reserved 557056K
  class space    used 16460K, committed 16768K, reserved 425984K
}
Event: 20.939 GC heap before
{Heap before GC invocations=49 (full 0):
 garbage-first heap   total 311296K, used 254148K [0x0000000080000000, 0x0000000100000000)
  region size 1024K, 153 young (156672K), 13 survivors (13312K)
 Metaspace       used 128929K, committed 129600K, reserved 557056K
  class space    used 16460K, committed 16768K, reserved 425984K
}
Event: 20.948 GC heap after
{Heap after GC invocations=50 (full 0):
 garbage-first heap   total 311296K, used 114606K [0x0000000080000000, 0x0000000100000000)
  region size 1024K, 11 young (11264K), 11 survivors (11264K)
 Metaspace       used 128929K, committed 129600K, reserved 557056K
  class space    used 16460K, committed 16768K, reserved 425984K
}
Event: 20.957 GC heap before
{Heap before GC invocations=50 (full 0):
 garbage-first heap   total 311296K, used 117678K [0x0000000080000000, 0x0000000100000000)
  region size 1024K, 15 young (15360K), 11 survivors (11264K)
 Metaspace       used 128929K, committed 129600K, reserved 557056K
  class space    used 16460K, committed 16768K, reserved 425984K
}
Event: 20.965 GC heap after
{Heap after GC invocations=51 (full 0):
 garbage-first heap   total 311296K, used 112007K [0x0000000080000000, 0x0000000100000000)
  region size 1024K, 2 young (2048K), 2 survivors (2048K)
 Metaspace       used 128929K, committed 129600K, reserved 557056K
  class space    used 16460K, committed 16768K, reserved 425984K
}
Event: 21.568 GC heap before
{Heap before GC invocations=51 (full 0):
 garbage-first heap   total 311296K, used 261511K [0x0000000080000000, 0x0000000100000000)
  region size 1024K, 145 young (148480K), 2 survivors (2048K)
 Metaspace       used 129083K, committed 129728K, reserved 557056K
  class space    used 16469K, committed 16768K, reserved 425984K
}

